<?xml version="1.0" encoding="UTF-8"?>
<!-- Generated by org.testng.reporters.JUnitReportReporter -->
<testsuite hostname="IN-D38K1N3" failures="0" tests="2" name="com.test.SignupPageTest" time="17.537" errors="0" timestamp="2022-10-02T15:56:01 IST" skipped="0">
  <testcase classname="com.test.SignupPageTest" name="signUpTest1" time="9.830"/>
  <system-out/>
  <testcase classname="com.test.SignupPageTest" name="signUpTest2" time="7.707"/>
  <system-out/>
</testsuite> <!-- com.test.SignupPageTest -->
