<?xml version="1.0" encoding="UTF-8"?>
<!-- Generated by org.testng.reporters.JUnitReportReporter -->
<testsuite hostname="IN-D38K1N3" failures="0" tests="3" name="com.test.LoginPageTest" time="27.752" errors="0" timestamp="2022-10-02T16:40:58 IST" skipped="0">
  <testcase classname="com.test.LoginPageTest" name="LoginTest1" time="10.354"/>
  <system-out/>
  <testcase classname="com.test.LoginPageTest" name="LoginTest2" time="10.325"/>
  <system-out/>
  <testcase classname="com.test.LoginPageTest" name="LoginTest3" time="7.073"/>
  <system-out/>
</testsuite> <!-- com.test.LoginPageTest -->
