<?xml version="1.0" encoding="UTF-8"?>
<!-- Generated by org.testng.reporters.JUnitReportReporter -->
<testsuite hostname="IN-D38K1N3" failures="0" tests="5" name="com.test.HomePageTest" time="43.609" errors="0" timestamp="2022-10-02T15:56:01 IST" skipped="0">
  <testcase classname="com.test.HomePageTest" name="VerifyTitleTest1" time="8.924"/>
  <system-out/>
  <testcase classname="com.test.HomePageTest" name="VerifyTitleTest2" time="11.666"/>
  <system-out/>
  <testcase classname="com.test.HomePageTest" name="SearchItem" time="8.553"/>
  <system-out/>
  <testcase classname="com.test.HomePageTest" name="IsLogoDisplay" time="5.646"/>
  <system-out/>
  <testcase classname="com.test.HomePageTest" name="IsMenuAvailable" time="8.820"/>
  <system-out/>
</testsuite> <!-- com.test.HomePageTest -->
